<?xml version="1.0" encoding="UTF-8"?>
<!-- Generated by org.testng.reporters.JUnitReportReporter -->
<testsuite hostname="Dinuka" failures="0" tests="1" name="com.example.AppTest" time="0.006" errors="0" timestamp="2025-03-24T22:10:16 IST" skipped="0">
  <testcase classname="com.example.AppTest" name="testMethod" time="0.006"/>
</testsuite> <!-- com.example.AppTest -->
