<?xml version="1.0" encoding="UTF-8"?>
<!-- Generated by org.testng.reporters.JUnitReportReporter -->
<testsuite hostname="Dinuka" failures="0" tests="1" name="com.example.PostExm" time="2.441" errors="0" timestamp="2025-03-31T21:59:07 IST" skipped="0">
  <testcase classname="com.example.PostExm" name="PostTest" time="2.441"/>
</testsuite> <!-- com.example.PostExm -->
