<?xml version="1.0" encoding="UTF-8"?>
<!-- Generated by org.testng.reporters.JUnitReportReporter -->
<testsuite hostname="Dinuka" failures="0" tests="1" name="com.example.ResponseExm" time="2.695" errors="0" timestamp="2025-03-31T20:05:10 IST" skipped="0">
  <testcase classname="com.example.ResponseExm" name="basics" time="2.695"/>
</testsuite> <!-- com.example.ResponseExm -->
