<?xml version="1.0" encoding="UTF-8"?>
<!-- Generated by org.testng.reporters.JUnitReportReporter -->
<testsuite hostname="Dinuka" failures="0" tests="3" name="com.example.TestOne" time="2.620" errors="0" timestamp="2025-03-31T19:48:49 IST" skipped="2">
  <testcase classname="com.example.TestOne" name="test_01" time="2.620"/>
  <testcase classname="com.example.TestOne" name="test_03">
    <skipped/>
  </testcase> <!-- test_03 -->
  <testcase classname="com.example.TestOne" name="test_02">
    <skipped/>
  </testcase> <!-- test_02 -->
</testsuite> <!-- com.example.TestOne -->
